<?xml version="1.0" encoding="UTF-8"?>
<!-- Generated by org.testng.reporters.JUnitReportReporter -->
<testsuite hostname="LAPTOP-CQKLIHEN" failures="0" tests="1" name="B_use_of_get_method" time="0.082" errors="0" timestamp="2021-12-14T19:30:00 EST" skipped="0">
  <testcase classname="B_use_of_get_method" name="loginButtonTest" time="0.082"/>
  <system-out/>
</testsuite> <!-- B_use_of_get_method -->
