<?xml version="1.0" encoding="UTF-8"?>
<!-- Generated by org.testng.reporters.JUnitReportReporter -->
<testsuite hostname="LAPTOP-CQKLIHEN" failures="0" tests="1" name="HomeWork14.Use_of_sendKeys_method" time="0.270" errors="0" timestamp="2021-12-26T10:53:39 EST" skipped="0">
  <testcase classname="HomeWork14.Use_of_sendKeys_method" name="allCatagorisTest" time="0.270"/>
  <system-out/>
</testsuite> <!-- HomeWork14.Use_of_sendKeys_method -->
