<?xml version="1.0" encoding="UTF-8"?>
<!-- Generated by org.testng.reporters.JUnitReportReporter -->
<testsuite hostname="LAPTOP-CQKLIHEN" failures="0" tests="1" name="HomeWork14.Use_of_sendKeys_method" time="0.297" errors="0" timestamp="2021-12-23T01:22:15 EST" skipped="0">
  <testcase classname="HomeWork14.Use_of_sendKeys_method" name="allCatagorisTest" time="0.297"/>
  <system-out/>
</testsuite> <!-- HomeWork14.Use_of_sendKeys_method -->
