<?xml version="1.0" encoding="UTF-8"?>
<!-- Generated by org.testng.reporters.JUnitReportReporter -->
<testsuite hostname="LAPTOP-CQKLIHEN" failures="0" tests="2" name="HomeWork16.Useing_of_alert_method_test" time="3.293" errors="0" timestamp="2022-01-03T15:41:05 EST" skipped="1">
  <testcase classname="HomeWork16.Useing_of_alert_method_test" name="alartInstall" time="3.293"/>
  <system-out/>
  <testcase classname="HomeWork16.Useing_of_alert_method_test" name="dismisAlertTest">
    <skipped/>
  </testcase> <!-- dismisAlertTest -->
  <system-out/>
</testsuite> <!-- HomeWork16.Useing_of_alert_method_test -->
