<?xml version="1.0" encoding="UTF-8"?>
<!-- Generated by org.testng.reporters.JUnitReportReporter -->
<testsuite hostname="LAPTOP-CQKLIHEN" failures="0" tests="1" name="HomeWork14.Use_of_IsSelected_method" time="0.031" errors="0" timestamp="2021-12-22T16:52:41 EST" skipped="0">
  <testcase classname="HomeWork14.Use_of_IsSelected_method" name="laptopandcomputerdealsTest" time="0.031"/>
  <system-out/>
</testsuite> <!-- HomeWork14.Use_of_IsSelected_method -->
