<?xml version="1.0" encoding="UTF-8"?>
<!-- Generated by org.testng.reporters.JUnitReportReporter -->
<testsuite hostname="LAPTOP-CQKLIHEN" failures="0" tests="1" name="HomeWork14.TestNGAnnotationMathod" time="3.531" errors="0" timestamp="2021-12-22T14:48:30 EST" skipped="0">
  <testcase classname="HomeWork14.TestNGAnnotationMathod" name="urlTest" time="3.531"/>
  <system-out/>
</testsuite> <!-- HomeWork14.TestNGAnnotationMathod -->
