<?xml version="1.0" encoding="UTF-8"?>
<!-- Generated by org.testng.reporters.JUnitReportReporter -->
<testsuite hostname="LAPTOP-CQKLIHEN" failures="0" tests="1" name="HomeWork14.Use_of_IsEnable_method" time="0.035" errors="0" timestamp="2021-12-22T16:03:04 EST" skipped="0">
  <testcase classname="HomeWork14.Use_of_IsEnable_method" name="searchboxTest" time="0.035"/>
  <system-out/>
</testsuite> <!-- HomeWork14.Use_of_IsEnable_method -->
