<?xml version="1.0" encoding="UTF-8"?>
<!-- Generated by org.testng.reporters.JUnitReportReporter -->
<testsuite hostname="LAPTOP-CQKLIHEN" failures="0" tests="3" name="HomeWork15_Selenium.Use_of_clear_sendKeys_enter__getSize_method" time="40.771" errors="0" timestamp="2022-01-01T18:36:04 EST" skipped="0">
  <testcase classname="HomeWork15_Selenium.Use_of_clear_sendKeys_enter__getSize_method" name="sendKeysBackForwardAndRefreshTest" time="13.637"/>
  <system-out/>
  <testcase classname="HomeWork15_Selenium.Use_of_clear_sendKeys_enter__getSize_method" name="clear_maximize_and_getSize_test" time="19.301"/>
  <system-out/>
  <testcase classname="HomeWork15_Selenium.Use_of_clear_sendKeys_enter__getSize_method" name="setSize_and_dimension_Test" time="7.833"/>
  <system-out/>
</testsuite> <!-- HomeWork15_Selenium.Use_of_clear_sendKeys_enter__getSize_method -->
