<?xml version="1.0" encoding="UTF-8"?>
<!-- Generated by org.testng.reporters.JUnitReportReporter -->
<testsuite hostname="LAPTOP-CQKLIHEN" failures="0" tests="2" name="HomeWork16.UseOfHoveoverAndAlertTest" time="3.299" errors="0" timestamp="2022-01-03T15:30:41 EST" skipped="0">
  <testcase classname="HomeWork16.UseOfHoveoverAndAlertTest" name="mouseHoveoverActionOnMyEbay" time="3.297"/>
  <system-out/>
  <testcase classname="HomeWork16.UseOfHoveoverAndAlertTest" name="alertFromWindow" time="0.002"/>
  <system-out/>
</testsuite> <!-- HomeWork16.UseOfHoveoverAndAlertTest -->
