<?xml version="1.0" encoding="UTF-8"?>
<!-- Generated by org.testng.reporters.JUnitReportReporter -->
<testsuite hostname="LAPTOP-CQKLIHEN" failures="0" tests="1" name="HomeWork14.Use_of_getText_method" time="1.382" errors="0" timestamp="2021-12-23T01:11:39 EST" skipped="0">
  <testcase classname="HomeWork14.Use_of_getText_method" name="searchboxTest" time="1.382"/>
  <system-out/>
</testsuite> <!-- HomeWork14.Use_of_getText_method -->
