<?xml version="1.0" encoding="UTF-8"?>
<!-- Generated by org.testng.reporters.JUnitReportReporter -->
<testsuite hostname="LAPTOP-CQKLIHEN" failures="0" tests="2" name="HomeWork16.Useing_of_alert_method_test" time="9.198" errors="0" timestamp="2022-01-04T11:41:19 EST" skipped="0">
  <testcase classname="HomeWork16.Useing_of_alert_method_test" name="alartInConfirmationTest" time="6.126"/>
  <system-out/>
  <testcase classname="HomeWork16.Useing_of_alert_method_test" name="dismisAlertTest" time="3.072"/>
  <system-out/>
</testsuite> <!-- HomeWork16.Useing_of_alert_method_test -->
