<?xml version="1.0" encoding="UTF-8"?>
<!-- Generated by org.testng.reporters.JUnitReportReporter -->
<testsuite hostname="LAPTOP-CQKLIHEN" failures="0" tests="1" name="HomeWork17.JavaScriptExecutor" time="24.337" errors="0" timestamp="2022-01-09T08:51:32 EST" skipped="0">
  <testcase classname="HomeWork17.JavaScriptExecutor" name="searchAProductTest" time="24.337"/>
  <system-out/>
</testsuite> <!-- HomeWork17.JavaScriptExecutor -->
