<?xml version="1.0" encoding="UTF-8"?>
<!-- Generated by org.testng.reporters.JUnitReportReporter -->
<testsuite hostname="LAPTOP-CQKLIHEN" failures="0" tests="1" name="HomeWork14.Use_of_getCurrentUrl_method3" time="0.369" errors="0" timestamp="2021-12-23T00:37:52 EST" skipped="0">
  <testcase classname="HomeWork14.Use_of_getCurrentUrl_method3" name="getCurrentUrlTest" time="0.369"/>
  <system-out/>
</testsuite> <!-- HomeWork14.Use_of_getCurrentUrl_method3 -->
