<?xml version="1.0" encoding="UTF-8"?>
<!-- Generated by org.testng.reporters.JUnitReportReporter -->
<testsuite hostname="LAPTOP-CQKLIHEN" failures="0" tests="1" name="HomeWork13.CreateMethodToRunAnUrl" time="4.106" errors="0" timestamp="2021-12-21T13:38:13 EST" skipped="0">
  <testcase classname="HomeWork13.CreateMethodToRunAnUrl" name="urlTest" time="4.106"/>
  <system-out/>
</testsuite> <!-- HomeWork13.CreateMethodToRunAnUrl -->
