<?xml version="1.0" encoding="UTF-8"?>
<!-- Generated by org.testng.reporters.JUnitReportReporter -->
<testsuite hostname="LAPTOP-CQKLIHEN" failures="0" tests="3" name="HomeWork15_Selenium.Use_of_clear_keys_enter_method" time="41.322" errors="0" timestamp="2021-12-27T16:19:28 EST" skipped="0">
  <testcase classname="HomeWork15_Selenium.Use_of_clear_keys_enter_method" name="sendKeysBackForwardAndRefreshTest" time="13.901"/>
  <system-out/>
  <testcase classname="HomeWork15_Selenium.Use_of_clear_keys_enter_method" name="clear_maximize_and_getSize_test" time="19.269"/>
  <system-out/>
  <testcase classname="HomeWork15_Selenium.Use_of_clear_keys_enter_method" name="setSize_and_dimension_Test" time="8.152"/>
  <system-out/>
</testsuite> <!-- HomeWork15_Selenium.Use_of_clear_keys_enter_method -->
