<?xml version="1.0" encoding="UTF-8"?>
<!-- Generated by org.testng.reporters.JUnitReportReporter -->
<testsuite hostname="LAPTOP-CQKLIHEN" failures="0" tests="2" name="HomeWork16.Useing_of_alert_method_test2" time="9.211" errors="0" timestamp="2022-01-03T15:29:50 EST" skipped="0">
  <testcase classname="HomeWork16.Useing_of_alert_method_test2" name="alartInstall" time="6.124"/>
  <system-out/>
  <testcase classname="HomeWork16.Useing_of_alert_method_test2" name="dismisAlertTest" time="3.087"/>
  <system-out/>
</testsuite> <!-- HomeWork16.Useing_of_alert_method_test2 -->
