<?xml version="1.0" encoding="UTF-8"?>
<!-- Generated by org.testng.reporters.JUnitReportReporter -->
<testsuite hostname="LAPTOP-CQKLIHEN" failures="0" tests="3" name="HomeWork16.Use_of_three_method_index_value_visibleText" time="12.341" errors="0" timestamp="2022-01-02T16:24:55 EST" skipped="0">
  <testcase classname="HomeWork16.Use_of_three_method_index_value_visibleText" name="selectByValueTest" time="3.265"/>
  <system-out/>
  <testcase classname="HomeWork16.Use_of_three_method_index_value_visibleText" name="selectByvisibleTest" time="3.262"/>
  <system-out/>
  <testcase classname="HomeWork16.Use_of_three_method_index_value_visibleText" name="selectByIndexTest" time="5.814"/>
  <system-out/>
</testsuite> <!-- HomeWork16.Use_of_three_method_index_value_visibleText -->
