<?xml version="1.0" encoding="UTF-8"?>
<!-- Generated by org.testng.reporters.JUnitReportReporter -->
<testsuite hostname="LAPTOP-CQKLIHEN" failures="0" tests="1" name="HomeWork16.UseOfHoveoverAndAlertTest" time="3.210" errors="0" timestamp="2022-01-02T22:22:15 EST" skipped="0">
  <testcase classname="HomeWork16.UseOfHoveoverAndAlertTest" name="mouseHoveoverActionOnMyEbay" time="3.210"/>
  <system-out/>
</testsuite> <!-- HomeWork16.UseOfHoveoverAndAlertTest -->
