<?xml version="1.0" encoding="UTF-8"?>
<!-- Generated by org.testng.reporters.JUnitReportReporter -->
<testsuite hostname="LAPTOP-CQKLIHEN" failures="0" tests="1" name="CreateMethodToRunAnUrl" time="4.134" errors="0" timestamp="2021-12-20T14:58:49 EST" skipped="0">
  <testcase classname="CreateMethodToRunAnUrl" name="urlTest" time="4.134"/>
  <system-out/>
</testsuite> <!-- CreateMethodToRunAnUrl -->
