<?xml version="1.0" encoding="UTF-8"?>
<!-- Generated by org.testng.reporters.JUnitReportReporter -->
<testsuite hostname="LAPTOP-CQKLIHEN" failures="0" tests="1" name="HomeWork15_Selenium.TestNGAnnotationMathod" time="3.227" errors="0" timestamp="2021-12-26T10:50:38 EST" skipped="0">
  <testcase classname="HomeWork15_Selenium.TestNGAnnotationMathod" name="urlTest" time="3.227"/>
  <system-out/>
</testsuite> <!-- HomeWork15_Selenium.TestNGAnnotationMathod -->
